Using pre-set license
Built from '2020.3/staging' branch; Version is '2020.3.28f1 (f5400f52e03f) revision 16072719'; Using compiler version '192528614'; Build Type 'Release'
OS: 'Windows 10  (10.0.19044) 64bit Core' Language: 'en' Physical Memory: 16293 MB
BatchMode: 1, IsHumanControllingUs: 0, StartBugReporterOnCrash: 0, Is64bit: 1, IsPro: 0

COMMAND LINE ARGUMENTS:
C:\Program Files\Unity\Hub\Editor\2020.3.28f1\Editor\Unity.exe
-adb2
-batchMode
-noUpm
-name
AssetImportWorker0
-projectPath
C:/Users/Theo/2D_Platformer
-logFile
Logs/AssetImportWorker0.log
-srvPort
58456
Successfully changed project path to: C:/Users/Theo/2D_Platformer
C:/Users/Theo/2D_Platformer
Using Asset Import Pipeline V2.
Refreshing native plugins compatible for Editor in 35.89 ms, found 3 plugins.
Preloading 0 native plugins for Editor in 0.00 ms.
Initialize engine version: 2020.3.28f1 (f5400f52e03f)
[Subsystems] Discovering subsystems at path C:/Program Files/Unity/Hub/Editor/2020.3.28f1/Editor/Data/Resources/UnitySubsystems
[Subsystems] Discovering subsystems at path C:/Users/Theo/2D_Platformer/Assets
GfxDevice: creating device client; threaded=0
Direct3D:
    Version:  Direct3D 11.0 [level 11.1]
    Renderer: NVIDIA GeForce RTX 3050 (ID=0x2507)
    Vendor:   
    VRAM:     8070 MB
    Driver:   30.0.15.1132
Initialize mono
Mono path[0] = 'C:/Program Files/Unity/Hub/Editor/2020.3.28f1/Editor/Data/Managed'
Mono path[1] = 'C:/Program Files/Unity/Hub/Editor/2020.3.28f1/Editor/Data/MonoBleedingEdge/lib/mono/unityjit'
Mono config path = 'C:/Program Files/Unity/Hub/Editor/2020.3.28f1/Editor/Data/MonoBleedingEdge/etc'
Using monoOptions --debugger-agent=transport=dt_socket,embedding=1,server=y,suspend=n,address=127.0.0.1:56132
Begin MonoManager ReloadAssembly
Registering precompiled unity dll's ...
Register platform support module: C:/Program Files/Unity/Hub/Editor/2020.3.28f1/Editor/Data/PlaybackEngines/WebGLSupport/UnityEditor.WebGL.Extensions.dll
Register platform support module: C:/Program Files/Unity/Hub/Editor/2020.3.28f1/Editor/Data/PlaybackEngines/WindowsStandaloneSupport/UnityEditor.WindowsStandalone.Extensions.dll
Registered in 0.001989 seconds.
Native extension for WindowsStandalone target not found
Native extension for WebGL target not found
Refreshing native plugins compatible for Editor in 37.39 ms, found 3 plugins.
Preloading 0 native plugins for Editor in 0.00 ms.
Mono: successfully reloaded assembly
- Completed reload, in  0.422 seconds
Domain Reload Profiling:
	ReloadAssembly (422ms)
		BeginReloadAssembly (47ms)
			ExecutionOrderSort (0ms)
			DisableScriptedObjects (0ms)
			BackupInstance (0ms)
			ReleaseScriptingObjects (0ms)
			CreateAndSetChildDomain (1ms)
		EndReloadAssembly (323ms)
			LoadAssemblies (46ms)
			RebuildTransferFunctionScriptingTraits (0ms)
			SetupTypeCache (97ms)
			ReleaseScriptCaches (0ms)
			RebuildScriptCaches (20ms)
			SetupLoadedEditorAssemblies (133ms)
				LogAssemblyErrors (0ms)
				InitializePlatformSupportModulesInManaged (4ms)
				SetLoadedEditorAssemblies (0ms)
				RefreshPlugins (37ms)
				BeforeProcessingInitializeOnLoad (10ms)
				ProcessInitializeOnLoadAttributes (62ms)
				ProcessInitializeOnLoadMethodAttributes (20ms)
				AfterProcessingInitializeOnLoad (0ms)
				EditorAssembliesLoaded (0ms)
			ExecutionOrderSort2 (0ms)
			AwakeInstancesAfterBackupRestoration (0ms)
Platform modules already initialized, skipping
Registering precompiled user dll's ...
Registered in 0.004155 seconds.
Begin MonoManager ReloadAssembly
Native extension for WindowsStandalone target not found
Native extension for WebGL target not found
Refreshing native plugins compatible for Editor in 35.74 ms, found 3 plugins.
Preloading 0 native plugins for Editor in 0.00 ms.
Mono: successfully reloaded assembly
- Completed reload, in  0.815 seconds
Domain Reload Profiling:
	ReloadAssembly (816ms)
		BeginReloadAssembly (108ms)
			ExecutionOrderSort (0ms)
			DisableScriptedObjects (3ms)
			BackupInstance (0ms)
			ReleaseScriptingObjects (0ms)
			CreateAndSetChildDomain (16ms)
		EndReloadAssembly (663ms)
			LoadAssemblies (78ms)
			RebuildTransferFunctionScriptingTraits (0ms)
			SetupTypeCache (197ms)
			ReleaseScriptCaches (0ms)
			RebuildScriptCaches (31ms)
			SetupLoadedEditorAssemblies (281ms)
				LogAssemblyErrors (0ms)
				InitializePlatformSupportModulesInManaged (4ms)
				SetLoadedEditorAssemblies (0ms)
				RefreshPlugins (36ms)
				BeforeProcessingInitializeOnLoad (61ms)
				ProcessInitializeOnLoadAttributes (160ms)
				ProcessInitializeOnLoadMethodAttributes (13ms)
				AfterProcessingInitializeOnLoad (6ms)
				EditorAssembliesLoaded (0ms)
			ExecutionOrderSort2 (0ms)
			AwakeInstancesAfterBackupRestoration (5ms)
Platform modules already initialized, skipping
========================================================================
Worker process is ready to serve import requests
Launched and connected shader compiler UnityShaderCompiler.exe after 0.05 seconds
Refreshing native plugins compatible for Editor in 0.59 ms, found 3 plugins.
Preloading 0 native plugins for Editor in 0.00 ms.
Unloading 2219 Unused Serialized files (Serialized files now loaded: 0)
System memory in use before: 98.5 MB.
System memory in use after: 98.4 MB.

Unloading 34 unused Assets to reduce memory usage. Loaded Objects now: 2648.
Total: 2.961900 ms (FindLiveObjects: 0.179900 ms CreateObjectMapping: 0.071800 ms MarkObjects: 2.574100 ms  DeleteObjects: 0.135500 ms)

AssetImportParameters requested are different than current active one (requested -> active):
  custom:framework-win-MediaFoundation: 216162199b28c13a410421893ffa2e32 -> 
  custom:video-decoder-ogg-theora: a1e56fd34408186e4bbccfd4996cb3dc -> 
  custom:container-muxer-webm: aa71ff27fc2769a1b78a27578f13a17b -> 
  custom:container-demuxer-webm: 4f35f7cbe854078d1ac9338744f61a02 -> 
  custom:container-demuxer-ogg: 62fdf1f143b41e24485cea50d1cbac27 -> 
  custom:video-encoder-webm-vp8: eb34c28f22e8b96e1ab97ce403110664 -> 
  custom:video-decoder-webm-vp8: 9c59270c3fd7afecdb556c50c9e8de78 -> 
  custom:audio-decoder-ogg-vorbis: bf7c407c2cedff20999df2af8eb42d56 -> 
  custom:audio-encoder-webm-vorbis: bf7c407c2cedff20999df2af8eb42d56 -> 
========================================================================
Received Import Request.
  path: Assets/Boss_Animations
  artifactKey: Guid(5ed0d5c01ba79e847ad5807f082d6801) Importer(815301076,1909f56bfc062723c751e8b465ee728b)
Start importing Assets/Boss_Animations using Guid(5ed0d5c01ba79e847ad5807f082d6801) Importer(815301076,1909f56bfc062723c751e8b465ee728b)  -> (artifact id: '05330786d45ef2b2f15e6adf3a2c74d2') in 0.008868 seconds 
  Import took 0.013189 seconds .

========================================================================
Received Import Request.
  Time since last request: 228.186354 seconds.
  path: Assets/BossMan.anim
  artifactKey: Guid(f3458bc1369f0d2499b0cd46ad961d07) Importer(815301076,1909f56bfc062723c751e8b465ee728b)
Start importing Assets/BossMan.anim using Guid(f3458bc1369f0d2499b0cd46ad961d07) Importer(815301076,1909f56bfc062723c751e8b465ee728b)  -> (artifact id: 'd14f35bece414880f037877a2a4d8afc') in 0.023174 seconds 
  Import took 0.026723 seconds .

========================================================================
Received Import Request.
  Time since last request: 1.001580 seconds.
  path: Assets/Jump (32x32).controller
  artifactKey: Guid(0d74c5e9e17873343a06c1c4c4e06a59) Importer(815301076,1909f56bfc062723c751e8b465ee728b)
Start importing Assets/Jump (32x32).controller using Guid(0d74c5e9e17873343a06c1c4c4e06a59) Importer(815301076,1909f56bfc062723c751e8b465ee728b)  -> (artifact id: '6d0200d9aa209db802b8fd1c091778e0') in 0.009377 seconds 
  Import took 0.013089 seconds .

========================================================================
Received Import Request.
  Time since last request: 22.325310 seconds.
  path: Assets/TextMesh Pro/Shaders
  artifactKey: Guid(e9f693669af91aa45ad615fc681ed29f) Importer(815301076,1909f56bfc062723c751e8b465ee728b)
Start importing Assets/TextMesh Pro/Shaders using Guid(e9f693669af91aa45ad615fc681ed29f) Importer(815301076,1909f56bfc062723c751e8b465ee728b)  -> (artifact id: '486066d15e4e2d1f404625b357b63227') in 0.006291 seconds 
  Import took 0.009735 seconds .

========================================================================
Received Import Request.
  Time since last request: 7.852098 seconds.
  path: Assets/TextMesh Pro/Sprites
  artifactKey: Guid(d0603b6d5186471b96c778c3949c7ce2) Importer(815301076,1909f56bfc062723c751e8b465ee728b)
Start importing Assets/TextMesh Pro/Sprites using Guid(d0603b6d5186471b96c778c3949c7ce2) Importer(815301076,1909f56bfc062723c751e8b465ee728b)  -> (artifact id: 'c825b4ecabc52a724fdd8944d5209777') in 0.013768 seconds 
  Import took 0.017331 seconds .

========================================================================
Received Import Request.
  Time since last request: 11.532061 seconds.
  path: Assets/Visuals/Items/buttonBlue.png
  artifactKey: Guid(9e1f7c069ac45b541b72c41a3df91001) Importer(815301076,1909f56bfc062723c751e8b465ee728b)
Start importing Assets/Visuals/Items/buttonBlue.png using Guid(9e1f7c069ac45b541b72c41a3df91001) Importer(815301076,1909f56bfc062723c751e8b465ee728b)  -> (artifact id: '8a243f895f601687ecb78f274bf2cecd') in 0.084465 seconds 
  Import took 0.087495 seconds .

========================================================================
Received Import Request.
  Time since last request: 0.479146 seconds.
  path: Assets/Visuals/Items/bomb.png
  artifactKey: Guid(5cde8dec49802594ea4d6b08c670f26c) Importer(815301076,1909f56bfc062723c751e8b465ee728b)
Start importing Assets/Visuals/Items/bomb.png using Guid(5cde8dec49802594ea4d6b08c670f26c) Importer(815301076,1909f56bfc062723c751e8b465ee728b)  -> (artifact id: 'f2e4b1b7919e5788ce5e739829114a4f') in 0.020205 seconds 
  Import took 0.031268 seconds .

========================================================================
Received Import Request.
  Time since last request: 136.490993 seconds.
  path: Assets/Visuals/Items/coinBronze.png
  artifactKey: Guid(649b856b53fc7f04da6acc978f472ba0) Importer(815301076,1909f56bfc062723c751e8b465ee728b)
Start importing Assets/Visuals/Items/coinBronze.png using Guid(649b856b53fc7f04da6acc978f472ba0) Importer(815301076,1909f56bfc062723c751e8b465ee728b)  -> (artifact id: '626e46e03e666a5dccf218fb069c4466') in 0.011280 seconds 
  Import took 0.014736 seconds .

========================================================================
Received Import Request.
  Time since last request: 14.049398 seconds.
  path: Assets/Visuals/Items/plantPurple.png
  artifactKey: Guid(242ba9f0667678049bcb4d7825af343b) Importer(815301076,1909f56bfc062723c751e8b465ee728b)
Start importing Assets/Visuals/Items/plantPurple.png using Guid(242ba9f0667678049bcb4d7825af343b) Importer(815301076,1909f56bfc062723c751e8b465ee728b)  -> (artifact id: 'cf0c3f32ed5cd956cf9e1599040c4818') in 0.011906 seconds 
  Import took 0.016416 seconds .

========================================================================
Received Import Request.
  Time since last request: 3.177075 seconds.
  path: Assets/Visuals/Items/spikes.png
  artifactKey: Guid(90b12d2c17baf064d90955be6223012d) Importer(815301076,1909f56bfc062723c751e8b465ee728b)
Start importing Assets/Visuals/Items/spikes.png using Guid(90b12d2c17baf064d90955be6223012d) Importer(815301076,1909f56bfc062723c751e8b465ee728b)  -> (artifact id: '9c99cba291d093258f18146f4bb6279d') in 0.013764 seconds 
  Import took 0.017112 seconds .

========================================================================
Received Import Request.
  Time since last request: 33.809039 seconds.
  path: Assets/Visuals/Pixel Adventure 1/Assets/Background
  artifactKey: Guid(e2c5ef056991e3c4b902833ce4b5c2f9) Importer(815301076,1909f56bfc062723c751e8b465ee728b)
Start importing Assets/Visuals/Pixel Adventure 1/Assets/Background using Guid(e2c5ef056991e3c4b902833ce4b5c2f9) Importer(815301076,1909f56bfc062723c751e8b465ee728b)  -> (artifact id: 'c7178d06e7f6d7190aa0aa8240c4c252') in 0.012631 seconds 
  Import took 0.016232 seconds .

========================================================================
Received Import Request.
  Time since last request: 4.179019 seconds.
  path: Assets/Visuals/Pixel Adventure 1/Assets/Items
  artifactKey: Guid(45aa8edc5710be2418fa949495904348) Importer(815301076,1909f56bfc062723c751e8b465ee728b)
Start importing Assets/Visuals/Pixel Adventure 1/Assets/Items using Guid(45aa8edc5710be2418fa949495904348) Importer(815301076,1909f56bfc062723c751e8b465ee728b)  -> (artifact id: 'fa7f64f8f2e3be67a775bdc600e0ace0') in 0.005355 seconds 
  Import took 0.009707 seconds .

========================================================================
Received Import Request.
  Time since last request: 14.455679 seconds.
  path: Assets/Visuals/Pixel Adventure 1/Assets/Main Characters/Pink Man
  artifactKey: Guid(42afdc0a1bbe6314b8aa6b3431e802ee) Importer(815301076,1909f56bfc062723c751e8b465ee728b)
Start importing Assets/Visuals/Pixel Adventure 1/Assets/Main Characters/Pink Man using Guid(42afdc0a1bbe6314b8aa6b3431e802ee) Importer(815301076,1909f56bfc062723c751e8b465ee728b)  -> (artifact id: '0293dc2227cded2ef80658f0724f5672') in 0.005225 seconds 
  Import took 0.016229 seconds .

========================================================================
Received Import Request.
  Time since last request: 5.397908 seconds.
  path: Assets/Visuals/Pixel Adventure 1/Assets/Main Characters/Appearing (96x96).png
  artifactKey: Guid(3421078018dc3934a8c1ab3b7bf89aa0) Importer(815301076,1909f56bfc062723c751e8b465ee728b)
Start importing Assets/Visuals/Pixel Adventure 1/Assets/Main Characters/Appearing (96x96).png using Guid(3421078018dc3934a8c1ab3b7bf89aa0) Importer(815301076,1909f56bfc062723c751e8b465ee728b)  -> (artifact id: '6c3429c9379ed89827e9d3e1487fd263') in 0.042550 seconds 
  Import took 0.045935 seconds .

========================================================================
Received Import Request.
  Time since last request: 0.883315 seconds.
  path: Assets/Visuals/Pixel Adventure 1/Assets/Main Characters/Desappearing (96x96).png
  artifactKey: Guid(99e1beacf34e67c42afd2d344aefcc3c) Importer(815301076,1909f56bfc062723c751e8b465ee728b)
Start importing Assets/Visuals/Pixel Adventure 1/Assets/Main Characters/Desappearing (96x96).png using Guid(99e1beacf34e67c42afd2d344aefcc3c) Importer(815301076,1909f56bfc062723c751e8b465ee728b)  -> (artifact id: '3042c977f94ca9e28daf1c657f3289d1') in 0.033313 seconds 
  Import took 0.036794 seconds .

========================================================================
Received Import Request.
  Time since last request: 13.981686 seconds.
  path: Assets/Visuals/Pixel Adventure 1/Assets/Other
  artifactKey: Guid(9b265bbeade4a16468dc117cf3b94dd9) Importer(815301076,1909f56bfc062723c751e8b465ee728b)
Start importing Assets/Visuals/Pixel Adventure 1/Assets/Other using Guid(9b265bbeade4a16468dc117cf3b94dd9) Importer(815301076,1909f56bfc062723c751e8b465ee728b)  -> (artifact id: '6ff5f192209e7f89848b45ae38fed670') in 0.013845 seconds 
  Import took 0.017474 seconds .

========================================================================
Received Import Request.
  Time since last request: 26.926038 seconds.
  path: Assets/Visuals/Tiles/box.png
  artifactKey: Guid(ef81f1d076e3f5c4c8bfd784fb878e47) Importer(815301076,1909f56bfc062723c751e8b465ee728b)
Start importing Assets/Visuals/Tiles/box.png using Guid(ef81f1d076e3f5c4c8bfd784fb878e47) Importer(815301076,1909f56bfc062723c751e8b465ee728b)  -> (artifact id: 'e41c9b62178f63d2efe7ede21cf8a862') in 0.014216 seconds 
  Import took 0.017522 seconds .

========================================================================
Received Import Request.
  Time since last request: 9.697289 seconds.
  path: Assets/Visuals/Tiles/dirt.png
  artifactKey: Guid(4329c61074e323e4db8dfc1757016997) Importer(815301076,1909f56bfc062723c751e8b465ee728b)
Start importing Assets/Visuals/Tiles/dirt.png using Guid(4329c61074e323e4db8dfc1757016997) Importer(815301076,1909f56bfc062723c751e8b465ee728b)  -> (artifact id: '39113420ce9f6f4e734fd04fc9df31b4') in 0.011988 seconds 
  Import took 0.015676 seconds .

========================================================================
Received Import Request.
  Time since last request: 27.854864 seconds.
  path: Assets/Visuals/Tiles/sand.png
  artifactKey: Guid(2b0ee19973d4c2c42936514614da84a3) Importer(815301076,1909f56bfc062723c751e8b465ee728b)
Start importing Assets/Visuals/Tiles/sand.png using Guid(2b0ee19973d4c2c42936514614da84a3) Importer(815301076,1909f56bfc062723c751e8b465ee728b)  -> (artifact id: '558dbf989311ff5e1125fe67588fe842') in 0.013442 seconds 
  Import took 0.016956 seconds .

========================================================================
Received Import Request.
  Time since last request: 7.109614 seconds.
  path: Assets/Visuals/Tiles/snow.png
  artifactKey: Guid(6e923472f1a171840a371aee725c4c94) Importer(815301076,1909f56bfc062723c751e8b465ee728b)
Start importing Assets/Visuals/Tiles/snow.png using Guid(6e923472f1a171840a371aee725c4c94) Importer(815301076,1909f56bfc062723c751e8b465ee728b)  -> (artifact id: 'cad3d33884f676634529db32bcf51314') in 0.010541 seconds 
  Import took 0.013974 seconds .

AssetImportWorkerClient::OnTransportError - code=2 error=End of file
